--- expected_compile_stderr+++ actual_compile_stderr@@ -5,7 +5,7 @@     "char": 0,
     "content": "for i in",
     "error": "failed to assert: expected 'do' after 'for' but found ''",
-    "error_type": "EXPECTED_DO_AFTER"
+    "error_type": "ASSERTION_FAILED"
   },
   {
     "recoverable": false,
@@ -13,6 +13,6 @@     "char": 0,
     "content": "for i in",
     "error": "failed to assert: must have a single argument, the list provider",
-    "error_type": "WRONG_ARG_COUNT"
+    "error_type": "ASSERTION_FAILED"
   }
-]+]
